#
# A fatal error has been detected by the Java Runtime Environment:
#
#  SIGSEGV (0xb) at pc=0x00007f94a5069cb4, pid=92852, tid=0x00007f949cdab700
#
# JRE version: Java(TM) SE Runtime Environment (8.0_171-b11) (build 1.8.0_171-b11)
# Java VM: Java HotSpot(TM) 64-Bit Server VM (25.171-b11 mixed mode linux-amd64 compressed oops)
# Problematic frame:
# v  ~BufferBlob::jni_fast_GetLongField
#
# Failed to write core dump. Core dumps have been disabled. To enable core dumping, try "ulimit -c unlimited" before starting Java again
#
# If you would like to submit a bug report, please visit:
#   http://bugreport.java.com/bugreport/crash.jsp
# The crash happened outside the Java Virtual Machine in native code.
# See problematic frame for where to report the bug.
#

---------------  T H R E A D  ---------------

Current thread (0x00007f94b41ea000):  JavaThread "AWT-XAWT" daemon [_thread_in_native, id=92863, stack(0x00007f949ccab000,0x00007f949cdac000)]

siginfo: si_signo: 11 (SIGSEGV), si_code: 1 (SEGV_MAPERR), si_addr: 0x0000000000000000

Registers:
RAX=0x00007f94ba5a44c0, RBX=0x00007f94b41ea1f8, RCX=0x00007f94bb035320, RDX=0x0000000000000042
RSP=0x00007f949cdaa558, RBP=0x00007f949cdaa580, RSI=0x0000000000000000, RDI=0x00007f94b41ea1f8
R8 =0x00000000f5ffb9d0, R9 =0x0000000000000000, R10=0x0000000000000116, R11=0x00007f94a54d4258
R12=0x00007f94940f20c0, R13=0x0000000000000000, R14=0x00007f949ed58820, R15=0x00007f94b41ea000
RIP=0x00007f94a5069cb4, EFLAGS=0x0000000000010246, CSGSFS=0x002b000000000033, ERR=0x0000000000000004
  TRAPNO=0x000000000000000e

Top of Stack: (sp=0x00007f949cdaa558)
0x00007f949cdaa558:   00007f949eb37001 00007f94a488e580
0x00007f949cdaa568:   00007f94940f20c0 00007f949cdaa630
0x00007f949cdaa578:   00007f949cdaa600 0000000000000000
0x00007f949cdaa588:   00007f949e619300 00007f94a488e580
0x00007f949cdaa598:   00007f949cdaa5c0 0000000000000000
0x00007f949cdaa5a8:   00007f949e610e23 00007f949cdaa630
0x00007f949cdaa5b8:   00007f949eb3023f 00007f949cdaa610
0x00007f949cdaa5c8:   00007f94a54d42f6 0000000000000000
0x00007f949cdaa5d8:   00007f94a530eab6 00007f949cdaa630
0x00007f949cdaa5e8:   00007f94a516cfac 00007f949cdaa690
0x00007f949cdaa5f8:   00000000f6001cd8 00000000f5fc6788
0x00007f949cdaa608:   0000000000000009 00007f949cdaa690
0x00007f949cdaa618:   00007f94a5007a90 00007f949cdaa690
0x00007f949cdaa628:   00007f94a5007a90 0000000000000000
0x00007f949cdaa638:   00007f94a5007dd0 00007f948c27bb40
0x00007f949cdaa648:   00000000f5fdde78 00007f949cdaa650
0x00007f949cdaa658:   00007f94a498261c 00007f949cdaa6d8
0x00007f949cdaa668:   00007f94a498b610 0000000000000000
0x00007f949cdaa678:   00007f94a4982758 00007f949cdaa630
0x00007f949cdaa688:   00007f949cdaa6d0 00007f949cdaa720
0x00007f949cdaa698:   00007f94a50082bd 0000000000000000
0x00007f949cdaa6a8:   00000000f657ba48 0000000000000000
0x00007f949cdaa6b8:   0000000000000000 0000000000000000
0x00007f949cdaa6c8:   00000000f5fdde78 0000000000000000
0x00007f949cdaa6d8:   00000000f5fdde20 00007f949cdaa6e0
0x00007f949cdaa6e8:   00007f94a498245d 00007f949cdaa730
0x00007f949cdaa6f8:   00007f94a498b610 0000000000000000
0x00007f949cdaa708:   00007f94a4982468 00007f949cdaa6d0
0x00007f949cdaa718:   00007f949cdaa730 00007f949cdaa778
0x00007f949cdaa728:   00007f94a5008302 00000000f5fdde20
0x00007f949cdaa738:   00007f949cdaa738 00007f94a446e53b
0x00007f949cdaa748:   00007f949cdaa788 00007f94a44f5f88 

Instructions: (pc=0x00007f94a5069cb4)
0x00007f94a5069c94:   00 00 00 00 00 00 00 00 00 00 00 00 44 8b 15 41
0x00007f94a5069ca4:   a3 57 15 4c 8b ce 41 f6 c2 01 0f 85 1c 00 00 00
0x00007f94a5069cb4:   4d 8b 09 4c 8b da 49 c1 eb 02 4b 8b 04 19 44 3b
0x00007f94a5069cc4:   15 1f a3 57 15 0f 85 01 00 00 00 c3 e9 bb a0 c9 

Register to memory mapping:

RAX=0x00007f94ba5a44c0: <offset 0xf914c0> in /root/jdk1.8.0_171/jre/lib/amd64/server/libjvm.so at 0x00007f94b9613000
RBX=0x00007f94b41ea1f8 is an unknown value
RCX=0x00007f94bb035320: <offset 0x21a320> in /lib/x86_64-linux-gnu/libpthread.so.0 at 0x00007f94bae1b000
RDX=0x0000000000000042 is an unknown value
RSP=0x00007f949cdaa558 is pointing into the stack for thread: 0x00007f94b41ea000
RBP=0x00007f949cdaa580 is pointing into the stack for thread: 0x00007f94b41ea000
RSI=0x0000000000000000 is an unknown value
RDI=0x00007f94b41ea1f8 is an unknown value
R8 =0x00000000f5ffb9d0 is an oop
sun.util.logging.PlatformLogger$Level 
 - klass: 'sun/util/logging/PlatformLogger$Level'
R9 =0x0000000000000000 is an unknown value
R10=0x0000000000000116 is an unknown value
R11=0x00007f94a54d4258 is at entry_point+24 in (nmethod*)0x00007f94a54d40d0
R12=0x00007f94940f20c0 is an unknown value
R13=0x0000000000000000 is an unknown value
R14=0x00007f949ed58820: <offset 0x258820> in /root/jdk1.8.0_171/jre/lib/amd64/libawt_xawt.so at 0x00007f949eb00000
R15=0x00007f94b41ea000 is a thread


Stack: [0x00007f949ccab000,0x00007f949cdac000],  sp=0x00007f949cdaa558,  free space=1021k
Native frames: (J=compiled Java code, j=interpreted, Vv=VM code, C=native code)
v  ~BufferBlob::jni_fast_GetLongField
C  [libX11.so.6+0x64300]  _XimServerDestroy+0x70

Java frames: (J=compiled Java code, j=interpreted, Vv=VM code)
J 1416  sun.awt.X11.XlibWrapper.XFilterEvent(JJ)Z (0 bytes) @ 0x00007f94a54d4284 [0x00007f94a54d4240+0x44]
j  sun.awt.X11.XToolkit.run(Z)V+300
j  sun.awt.X11.XToolkit.run()V+5
j  java.lang.Thread.run()V+11
v  ~StubRoutines::call_stub

---------------  P R O C E S S  ---------------

Java Threads: ( => current thread )
  0x00007f9494125800 JavaThread "TimerQueue" daemon [_thread_blocked, id=92870, stack(0x00007f949c5a8000,0x00007f949c6a9000)]
  0x00007f94b400b000 JavaThread "DestroyJavaVM" [_thread_blocked, id=92853, stack(0x00007f94bb14a000,0x00007f94bb24a000)]
  0x00007f94b422c000 JavaThread "AWT-EventQueue-0" [_thread_blocked, id=92865, stack(0x00007f949caa9000,0x00007f949cbaa000)]
  0x00007f94b4221000 JavaThread "AWT-Shutdown" [_thread_blocked, id=92864, stack(0x00007f949cbaa000,0x00007f949ccab000)]
=>0x00007f94b41ea000 JavaThread "AWT-XAWT" daemon [_thread_in_native, id=92863, stack(0x00007f949ccab000,0x00007f949cdac000)]
  0x00007f94b41c3800 JavaThread "Java2D Disposer" daemon [_thread_blocked, id=92862, stack(0x00007f949d1bc000,0x00007f949d2bd000)]
  0x00007f94b40ef000 JavaThread "Service Thread" daemon [_thread_blocked, id=92860, stack(0x00007f949f12c000,0x00007f949f22d000)]
  0x00007f94b40d9800 JavaThread "C1 CompilerThread1" daemon [_thread_blocked, id=92859, stack(0x00007f949f22e000,0x00007f949f32e000)]
  0x00007f94b40d7800 JavaThread "C2 CompilerThread0" daemon [_thread_blocked, id=92858, stack(0x00007f949f32f000,0x00007f949f42f000)]
  0x00007f94b40d6000 JavaThread "Signal Dispatcher" daemon [_thread_blocked, id=92857, stack(0x00007f949f42f000,0x00007f949f530000)]
  0x00007f94b40a3000 JavaThread "Finalizer" daemon [_thread_blocked, id=92856, stack(0x00007f949feff000,0x00007f94a0000000)]
  0x00007f94b409e800 JavaThread "Reference Handler" daemon [_thread_blocked, id=92855, stack(0x00007f94a4064000,0x00007f94a4165000)]

Other Threads:
  0x00007f94b4096800 VMThread [stack: 0x00007f94a4166000,0x00007f94a4266000] [id=92854]
  0x00007f94b40f4000 WatcherThread [stack: 0x00007f949f02c000,0x00007f949f12c000] [id=92861]

VM state:not at safepoint (normal execution)

VM Mutex/Monitor currently owned by a thread: None

Heap:
 def new generation   total 4928K, used 1471K [0x00000000f0e00000, 0x00000000f1350000, 0x00000000f5ea0000)
  eden space 4416K,  29% used [0x00000000f0e00000, 0x00000000f0f436e0, 0x00000000f1250000)
  from space 512K,  34% used [0x00000000f12d0000, 0x00000000f12fc7d0, 0x00000000f1350000)
  to   space 512K,   0% used [0x00000000f1250000, 0x00000000f1250000, 0x00000000f12d0000)
 tenured generation   total 10944K, used 8290K [0x00000000f5ea0000, 0x00000000f6950000, 0x0000000100000000)
   the space 10944K,  75% used [0x00000000f5ea0000, 0x00000000f66b8b78, 0x00000000f66b8c00, 0x00000000f6950000)
 Metaspace       used 17718K, capacity 17976K, committed 18176K, reserved 1064960K
  class space    used 1927K, capacity 2012K, committed 2048K, reserved 1048576K

Card table byte_map: [0x00007f94bb0cf000,0x00007f94bb149000] byte_map_base: 0x00007f94ba948000

Polling page: 0x00007f94bb260000

CodeCache: size=245760Kb used=6844Kb max_used=6849Kb free=238915Kb
 bounds [0x00007f94a5000000, 0x00007f94a56c0000, 0x00007f94b4000000]
 total_blobs=2613 nmethods=2007 adapters=518
 compilation: enabled

Compilation events (10 events):
Event: 264.877 Thread 0x00007f94b40d9800 2102   !   3       sun.swing.CachedPainter::getCache (51 bytes)
Event: 264.877 Thread 0x00007f94b40d9800 nmethod 2102 0x00007f94a56b2090 code [0x00007f94a56b22c0, 0x00007f94a56b30f0]
Event: 264.877 Thread 0x00007f94b40d7800 2101       4       java.awt.Component::setBoundsOp (51 bytes)
Event: 264.878 Thread 0x00007f94b40d7800 nmethod 2101 0x00007f94a5399710 code [0x00007f94a5399860, 0x00007f94a53998d8]
Event: 265.477 Thread 0x00007f94b40d9800 2103       1       sun.awt.NullComponentPeer::layout (1 bytes)
Event: 265.477 Thread 0x00007f94b40d9800 nmethod 2103 0x00007f94a5692b50 code [0x00007f94a5692ca0, 0x00007f94a5692db0]
Event: 265.477 Thread 0x00007f94b40d9800 2104   !   3       javax.swing.plaf.metal.MetalUtils$GradientPainter::paint (89 bytes)
Event: 265.478 Thread 0x00007f94b40d9800 nmethod 2104 0x00007f94a56b5610 code [0x00007f94a56b57c0, 0x00007f94a56b6100]
Event: 266.077 Thread 0x00007f94b40d9800 2105   !   3       java.awt.KeyboardFocusManager::getCurrentFocusCycleRoot (42 bytes)
Event: 266.077 Thread 0x00007f94b40d9800 nmethod 2105 0x00007f94a56b4ed0 code [0x00007f94a56b5060, 0x00007f94a56b54a0]

GC Heap History (10 events):
Event: 0.681 GC heap before
{Heap before GC invocations=2 (full 0):
 def new generation   total 4928K, used 4927K [0x00000000f0e00000, 0x00000000f1350000, 0x00000000f5ea0000)
  eden space 4416K, 100% used [0x00000000f0e00000, 0x00000000f1250000, 0x00000000f1250000)
  from space 512K,  99% used [0x00000000f1250000, 0x00000000f12cfff0, 0x00000000f12d0000)
  to   space 512K,   0% used [0x00000000f12d0000, 0x00000000f12d0000, 0x00000000f1350000)
 tenured generation   total 10944K, used 2365K [0x00000000f5ea0000, 0x00000000f6950000, 0x0000000100000000)
   the space 10944K,  21% used [0x00000000f5ea0000, 0x00000000f60ef7b8, 0x00000000f60ef800, 0x00000000f6950000)
 Metaspace       used 12619K, capacity 12796K, committed 13056K, reserved 1060864K
  class space    used 1447K, capacity 1510K, committed 1536K, reserved 1048576K
Event: 0.684 GC heap after
Heap after GC invocations=3 (full 0):
 def new generation   total 4928K, used 511K [0x00000000f0e00000, 0x00000000f1350000, 0x00000000f5ea0000)
  eden space 4416K,   0% used [0x00000000f0e00000, 0x00000000f0e00000, 0x00000000f1250000)
  from space 512K,  99% used [0x00000000f12d0000, 0x00000000f134fff0, 0x00000000f1350000)
  to   space 512K,   0% used [0x00000000f1250000, 0x00000000f1250000, 0x00000000f12d0000)
 tenured generation   total 10944K, used 3459K [0x00000000f5ea0000, 0x00000000f6950000, 0x0000000100000000)
   the space 10944K,  31% used [0x00000000f5ea0000, 0x00000000f6200fe0, 0x00000000f6201000, 0x00000000f6950000)
 Metaspace       used 12619K, capacity 12796K, committed 13056K, reserved 1060864K
  class space    used 1447K, capacity 1510K, committed 1536K, reserved 1048576K
}
Event: 0.761 GC heap before
{Heap before GC invocations=3 (full 0):
 def new generation   total 4928K, used 4927K [0x00000000f0e00000, 0x00000000f1350000, 0x00000000f5ea0000)
  eden space 4416K, 100% used [0x00000000f0e00000, 0x00000000f1250000, 0x00000000f1250000)
  from space 512K,  99% used [0x00000000f12d0000, 0x00000000f134fff0, 0x00000000f1350000)
  to   space 512K,   0% used [0x00000000f1250000, 0x00000000f1250000, 0x00000000f12d0000)
 tenured generation   total 10944K, used 3459K [0x00000000f5ea0000, 0x00000000f6950000, 0x0000000100000000)
   the space 10944K,  31% used [0x00000000f5ea0000, 0x00000000f6200fe0, 0x00000000f6201000, 0x00000000f6950000)
 Metaspace       used 12960K, capacity 13168K, committed 13440K, reserved 1060864K
  class space    used 1484K, capacity 1546K, committed 1664K, reserved 1048576K
Event: 0.765 GC heap after
Heap after GC invocations=4 (full 0):
 def new generation   total 4928K, used 68K [0x00000000f0e00000, 0x00000000f1350000, 0x00000000f5ea0000)
  eden space 4416K,   0% used [0x00000000f0e00000, 0x00000000f0e00000, 0x00000000f1250000)
  from space 512K,  13% used [0x00000000f1250000, 0x00000000f12613a0, 0x00000000f12d0000)
  to   space 512K,   0% used [0x00000000f12d0000, 0x00000000f12d0000, 0x00000000f1350000)
 tenured generation   total 10944K, used 5809K [0x00000000f5ea0000, 0x00000000f6950000, 0x0000000100000000)
   the space 10944K,  53% used [0x00000000f5ea0000, 0x00000000f644c400, 0x00000000f644c400, 0x00000000f6950000)
 Metaspace       used 12960K, capacity 13168K, committed 13440K, reserved 1060864K
  class space    used 1484K, capacity 1546K, committed 1664K, reserved 1048576K
}
Event: 1.014 GC heap before
{Heap before GC invocations=4 (full 0):
 def new generation   total 4928K, used 4484K [0x00000000f0e00000, 0x00000000f1350000, 0x00000000f5ea0000)
  eden space 4416K, 100% used [0x00000000f0e00000, 0x00000000f1250000, 0x00000000f1250000)
  from space 512K,  13% used [0x00000000f1250000, 0x00000000f12613a0, 0x00000000f12d0000)
  to   space 512K,   0% used [0x00000000f12d0000, 0x00000000f12d0000, 0x00000000f1350000)
 tenured generation   total 10944K, used 5809K [0x00000000f5ea0000, 0x00000000f6950000, 0x0000000100000000)
   the space 10944K,  53% used [0x00000000f5ea0000, 0x00000000f644c400, 0x00000000f644c400, 0x00000000f6950000)
 Metaspace       used 14122K, capacity 14326K, committed 14592K, reserved 1062912K
  class space    used 1605K, capacity 1677K, committed 1792K, reserved 1048576K
Event: 1.018 GC heap after
Heap after GC invocations=5 (full 0):
 def new generation   total 4928K, used 511K [0x00000000f0e00000, 0x00000000f1350000, 0x00000000f5ea0000)
  eden space 4416K,   0% used [0x00000000f0e00000, 0x00000000f0e00000, 0x00000000f1250000)
  from space 512K,  99% used [0x00000000f12d0000, 0x00000000f134fff8, 0x00000000f1350000)
  to   space 512K,   0% used [0x00000000f1250000, 0x00000000f1250000, 0x00000000f12d0000)
 tenured generation   total 10944K, used 6973K [0x00000000f5ea0000, 0x00000000f6950000, 0x0000000100000000)
   the space 10944K,  63% used [0x00000000f5ea0000, 0x00000000f656f648, 0x00000000f656f800, 0x00000000f6950000)
 Metaspace       used 14122K, capacity 14326K, committed 14592K, reserved 1062912K
  class space    used 1605K, capacity 1677K, committed 1792K, reserved 1048576K
}
Event: 97.586 GC heap before
{Heap before GC invocations=5 (full 0):
 def new generation   total 4928K, used 4926K [0x00000000f0e00000, 0x00000000f1350000, 0x00000000f5ea0000)
  eden space 4416K,  99% used [0x00000000f0e00000, 0x00000000f124fa60, 0x00000000f1250000)
  from space 512K,  99% used [0x00000000f12d0000, 0x00000000f134fff8, 0x00000000f1350000)
  to   space 512K,   0% used [0x00000000f1250000, 0x00000000f1250000, 0x00000000f12d0000)
 tenured generation   total 10944K, used 6973K [0x00000000f5ea0000, 0x00000000f6950000, 0x0000000100000000)
   the space 10944K,  63% used [0x00000000f5ea0000, 0x00000000f656f648, 0x00000000f656f800, 0x00000000f6950000)
 Metaspace       used 17080K, capacity 17368K, committed 17664K, reserved 1064960K
  class space    used 1900K, capacity 1980K, committed 2048K, reserved 1048576K
Event: 97.590 GC heap after
Heap after GC invocations=6 (full 0):
 def new generation   total 4928K, used 511K [0x00000000f0e00000, 0x00000000f1350000, 0x00000000f5ea0000)
  eden space 4416K,   0% used [0x00000000f0e00000, 0x00000000f0e00000, 0x00000000f1250000)
  from space 512K,  99% used [0x00000000f1250000, 0x00000000f12cfff8, 0x00000000f12d0000)
  to   space 512K,   0% used [0x00000000f12d0000, 0x00000000f12d0000, 0x00000000f1350000)
 tenured generation   total 10944K, used 7802K [0x00000000f5ea0000, 0x00000000f6950000, 0x0000000100000000)
   the space 10944K,  71% used [0x00000000f5ea0000, 0x00000000f663ea70, 0x00000000f663ec00, 0x00000000f6950000)
 Metaspace       used 17080K, capacity 17368K, committed 17664K, reserved 1064960K
  class space    used 1900K, capacity 1980K, committed 2048K, reserved 1048576K
}
Event: 249.976 GC heap before
{Heap before GC invocations=6 (full 0):
 def new generation   total 4928K, used 4927K [0x00000000f0e00000, 0x00000000f1350000, 0x00000000f5ea0000)
  eden space 4416K, 100% used [0x00000000f0e00000, 0x00000000f1250000, 0x00000000f1250000)
  from space 512K,  99% used [0x00000000f1250000, 0x00000000f12cfff8, 0x00000000f12d0000)
  to   space 512K,   0% used [0x00000000f12d0000, 0x00000000f12d0000, 0x00000000f1350000)
 tenured generation   total 10944K, used 7802K [0x00000000f5ea0000, 0x00000000f6950000, 0x0000000100000000)
   the space 10944K,  71% used [0x00000000f5ea0000, 0x00000000f663ea70, 0x00000000f663ec00, 0x00000000f6950000)
 Metaspace       used 17625K, capacity 17912K, committed 18176K, reserved 1064960K
  class space    used 1927K, capacity 2012K, committed 2048K, reserved 1048576K
Event: 249.980 GC heap after
Heap after GC invocations=7 (full 0):
 def new generation   total 4928K, used 177K [0x00000000f0e00000, 0x00000000f1350000, 0x00000000f5ea0000)
  eden space 4416K,   0% used [0x00000000f0e00000, 0x00000000f0e00000, 0x00000000f1250000)
  from space 512K,  34% used [0x00000000f12d0000, 0x00000000f12fc7d0, 0x00000000f1350000)
  to   space 512K,   0% used [0x00000000f1250000, 0x00000000f1250000, 0x00000000f12d0000)
 tenured generation   total 10944K, used 8290K [0x00000000f5ea0000, 0x00000000f6950000, 0x0000000100000000)
   the space 10944K,  75% used [0x00000000f5ea0000, 0x00000000f66b8b78, 0x00000000f66b8c00, 0x00000000f6950000)
 Metaspace       used 17625K, capacity 17912K, committed 18176K, reserved 1064960K
  class space    used 1927K, capacity 2012K, committed 2048K, reserved 1048576K
}

Deoptimization events (7 events):
Event: 0.513 Thread 0x00007f94b400b000 Uncommon trap: reason=unstable_if action=reinterpret pc=0x00007f94a51e4e60 method=java.lang.String.replace(CC)Ljava/lang/String; @ 26
Event: 1.001 Thread 0x00007f94b422c000 Uncommon trap: reason=class_check action=maybe_recompile pc=0x00007f94a516b768 method=java.lang.String.equals(Ljava/lang/Object;)Z @ 8
Event: 1.002 Thread 0x00007f94b422c000 Uncommon trap: reason=class_check action=maybe_recompile pc=0x00007f94a516b768 method=java.lang.String.equals(Ljava/lang/Object;)Z @ 8
Event: 1.002 Thread 0x00007f94b422c000 Uncommon trap: reason=class_check action=maybe_recompile pc=0x00007f94a516b768 method=java.lang.String.equals(Ljava/lang/Object;)Z @ 8
Event: 1.002 Thread 0x00007f94b422c000 Uncommon trap: reason=class_check action=maybe_recompile pc=0x00007f94a516b768 method=java.lang.String.equals(Ljava/lang/Object;)Z @ 8
Event: 21.735 Thread 0x00007f94b422c000 Uncommon trap: reason=unstable_if action=reinterpret pc=0x00007f94a52396a0 method=java.lang.CharacterData.of(I)Ljava/lang/CharacterData; @ 4
Event: 22.489 Thread 0x00007f94b422c000 Uncommon trap: reason=unstable_if action=reinterpret pc=0x00007f94a5219150 method=java.lang.String.indexOf([CII[CIII)I @ 3

Classes redefined (0 events):
No events

Internal exceptions (10 events):
Event: 0.036 Thread 0x00007f94b400b000 Exception <a 'java/lang/NoSuchMethodError': Method sun.misc.Unsafe.prefetchRead(Ljava/lang/Object;J)V name or signature does not match> (0x00000000f0e07f98) thrown at [/HUDSON/workspace/8-2-build-linux-amd64/jdk8u171/10807/hotspot/src/share/vm/prims/jni.c
Event: 0.108 Thread 0x00007f94b400b000 Exception <a 'java/security/PrivilegedActionException'> (0x00000000f0ea8e48) thrown at [/HUDSON/workspace/8-2-build-linux-amd64/jdk8u171/10807/hotspot/src/share/vm/prims/jvm.cpp, line 1435]
Event: 0.108 Thread 0x00007f94b400b000 Exception <a 'java/security/PrivilegedActionException'> (0x00000000f0ea9058) thrown at [/HUDSON/workspace/8-2-build-linux-amd64/jdk8u171/10807/hotspot/src/share/vm/prims/jvm.cpp, line 1435]
Event: 0.108 Thread 0x00007f94b400b000 Exception <a 'java/security/PrivilegedActionException'> (0x00000000f0eab1a0) thrown at [/HUDSON/workspace/8-2-build-linux-amd64/jdk8u171/10807/hotspot/src/share/vm/prims/jvm.cpp, line 1435]
Event: 0.108 Thread 0x00007f94b400b000 Exception <a 'java/security/PrivilegedActionException'> (0x00000000f0eab3b0) thrown at [/HUDSON/workspace/8-2-build-linux-amd64/jdk8u171/10807/hotspot/src/share/vm/prims/jvm.cpp, line 1435]
Event: 0.170 Thread 0x00007f94b400b000 Exception <a 'java/lang/NoSuchFieldError': method resolution failed> (0x00000000f0f7a7e8) thrown at [/HUDSON/workspace/8-2-build-linux-amd64/jdk8u171/10807/hotspot/src/share/vm/prims/methodHandles.cpp, line 1167]
Event: 0.180 Thread 0x00007f94b400b000 Exception <a 'java/lang/NoSuchFieldError': method resolution failed> (0x00000000f0f87ff0) thrown at [/HUDSON/workspace/8-2-build-linux-amd64/jdk8u171/10807/hotspot/src/share/vm/prims/methodHandles.cpp, line 1167]
Event: 0.221 Thread 0x00007f94b400b000 Exception <a 'java/io/FileNotFoundException'> (0x00000000f1007490) thrown at [/HUDSON/workspace/8-2-build-linux-amd64/jdk8u171/10807/hotspot/src/share/vm/prims/jni.cpp, line 709]
Event: 0.221 Thread 0x00007f94b400b000 Exception <a 'java/io/FileNotFoundException'> (0x00000000f1007df0) thrown at [/HUDSON/workspace/8-2-build-linux-amd64/jdk8u171/10807/hotspot/src/share/vm/prims/jni.cpp, line 709]
Event: 1.738 Thread 0x00007f94b422c000 Exception <a 'java/lang/UnsupportedOperationException': > (0x00000000f0ee58d8) thrown at [/HUDSON/workspace/8-2-build-linux-amd64/jdk8u171/10807/hotspot/src/share/vm/prims/jni.cpp, line 735]

Events (10 events):
Event: 266.573 Executing VM operation: RevokeBias done
Event: 266.573 Thread 0x00007f9494158800 Thread exited: 0x00007f9494158800
Event: 266.677 Executing VM operation: RevokeBias
Event: 266.677 Executing VM operation: RevokeBias done
Event: 266.677 Thread 0x00007f9480003000 Thread exited: 0x00007f9480003000
Event: 276.912 Executing VM operation: BulkRevokeBias
Event: 276.912 Executing VM operation: BulkRevokeBias done
Event: 326.742 Executing VM operation: RevokeBias
Event: 326.755 Executing VM operation: RevokeBias done
Event: 326.756 Thread 0x00007f948000c000 Thread exited: 0x00007f948000c000


Dynamic libraries:
00400000-00401000 r-xp 00000000 08:01 412901                             /root/jdk1.8.0_171/bin/java
00600000-00601000 rw-p 00000000 08:01 412901                             /root/jdk1.8.0_171/bin/java
00e3b000-00e5c000 rw-p 00000000 00:00 0                                  [heap]
f0e00000-f1350000 rw-p 00000000 00:00 0 
f1350000-f5ea0000 ---p 00000000 00:00 0 
f5ea0000-f6950000 rw-p 00000000 00:00 0 
f6950000-100000000 ---p 00000000 00:00 0 
100000000-100200000 rw-p 00000000 00:00 0 
100200000-140000000 ---p 00000000 00:00 0 
7f9480000000-7f9480021000 rw-p 00000000 00:00 0 
7f9480021000-7f9484000000 ---p 00000000 00:00 0 
7f9484557000-7f9484717000 rw-p 00000000 00:00 0 
7f9484717000-7f9484757000 ---p 00000000 00:00 0 
7f9484757000-7f94847c1000 r-xp 00000000 08:01 414616                     /root/jdk1.8.0_171/jre/lib/amd64/libt2k.so
7f94847c1000-7f94849c0000 ---p 0006a000 08:01 414616                     /root/jdk1.8.0_171/jre/lib/amd64/libt2k.so
7f94849c0000-7f94849c7000 rw-p 00069000 08:01 414616                     /root/jdk1.8.0_171/jre/lib/amd64/libt2k.so
7f94849c7000-7f94849d7000 rw-p 00000000 00:00 0 
7f94849d7000-7f94849e8000 r-xp 00000000 08:01 414657                     /root/jdk1.8.0_171/jre/lib/amd64/libnio.so
7f94849e8000-7f9484be7000 ---p 00011000 08:01 414657                     /root/jdk1.8.0_171/jre/lib/amd64/libnio.so
7f9484be7000-7f9484be8000 rw-p 00010000 08:01 414657                     /root/jdk1.8.0_171/jre/lib/amd64/libnio.so
7f9484be8000-7f9487be9000 rw-p 00000000 00:00 0 
7f9487be9000-7f9487bff000 r-xp 00000000 08:01 414654                     /root/jdk1.8.0_171/jre/lib/amd64/libnet.so
7f9487bff000-7f9487dff000 ---p 00016000 08:01 414654                     /root/jdk1.8.0_171/jre/lib/amd64/libnet.so
7f9487dff000-7f9487e00000 rw-p 00016000 08:01 414654                     /root/jdk1.8.0_171/jre/lib/amd64/libnet.so
7f9487e00000-7f9488000000 rw-p 00000000 00:00 0 
7f9488000000-7f9489224000 rw-p 00000000 00:00 0 
7f9489224000-7f948c000000 ---p 00000000 00:00 0 
7f948c000000-7f948c834000 rw-p 00000000 00:00 0 
7f948c834000-7f9490000000 ---p 00000000 00:00 0 
7f9490000000-7f9490041000 rw-p 00000000 00:00 0 
7f9490041000-7f9494000000 ---p 00000000 00:00 0 
7f9494000000-7f9494184000 rw-p 00000000 00:00 0 
7f9494184000-7f9498000000 ---p 00000000 00:00 0 
7f9498000000-7f949804d000 rw-p 00000000 00:00 0 
7f949804d000-7f949c000000 ---p 00000000 00:00 0 
7f949c06a000-7f949c0a5000 r-xp 00000000 08:01 414599                     /root/jdk1.8.0_171/jre/lib/amd64/libjpeg.so
7f949c0a5000-7f949c2a4000 ---p 0003b000 08:01 414599                     /root/jdk1.8.0_171/jre/lib/amd64/libjpeg.so
7f949c2a4000-7f949c2a5000 rw-p 0003a000 08:01 414599                     /root/jdk1.8.0_171/jre/lib/amd64/libjpeg.so
7f949c2a5000-7f949c2a8000 ---p 00000000 00:00 0 
7f949c2a8000-7f949c3a6000 rw-p 00000000 00:00 0 
7f949c3a6000-7f949c3a9000 ---p 00000000 00:00 0 
7f949c3a9000-7f949c4a7000 rw-p 00000000 00:00 0 
7f949c4a7000-7f949c4aa000 ---p 00000000 00:00 0 
7f949c4aa000-7f949c5a8000 rw-p 00000000 00:00 0 
7f949c5a8000-7f949c5ab000 ---p 00000000 00:00 0 
7f949c5ab000-7f949c8a9000 rw-p 00000000 00:00 0 
7f949c8a9000-7f949caa9000 rw-p 00000000 00:00 0 
7f949caa9000-7f949caac000 ---p 00000000 00:00 0 
7f949caac000-7f949cbaa000 rw-p 00000000 00:00 0 
7f949cbaa000-7f949cbad000 ---p 00000000 00:00 0 
7f949cbad000-7f949ccab000 rw-p 00000000 00:00 0 
7f949ccab000-7f949ccae000 ---p 00000000 00:00 0 
7f949ccae000-7f949cdac000 rw-p 00000000 00:00 0 
7f949cdac000-7f949cdb1000 r-xp 00000000 08:01 142291                     /usr/lib/x86_64-linux-gnu/libXfixes.so.3.1.0
7f949cdb1000-7f949cfb0000 ---p 00005000 08:01 142291                     /usr/lib/x86_64-linux-gnu/libXfixes.so.3.1.0
7f949cfb0000-7f949cfb1000 r--p 00004000 08:01 142291                     /usr/lib/x86_64-linux-gnu/libXfixes.so.3.1.0
7f949cfb1000-7f949cfb2000 rw-p 00005000 08:01 142291                     /usr/lib/x86_64-linux-gnu/libXfixes.so.3.1.0
7f949cfb2000-7f949cfbb000 r-xp 00000000 08:01 142283                     /usr/lib/x86_64-linux-gnu/libXcursor.so.1.0.2
7f949cfbb000-7f949d1ba000 ---p 00009000 08:01 142283                     /usr/lib/x86_64-linux-gnu/libXcursor.so.1.0.2
7f949d1ba000-7f949d1bb000 r--p 00008000 08:01 142283                     /usr/lib/x86_64-linux-gnu/libXcursor.so.1.0.2
7f949d1bb000-7f949d1bc000 rw-p 00009000 08:01 142283                     /usr/lib/x86_64-linux-gnu/libXcursor.so.1.0.2
7f949d1bc000-7f949d1bf000 ---p 00000000 00:00 0 
7f949d1bf000-7f949d2bd000 rw-p 00000000 00:00 0 
7f949d2bd000-7f949d2d4000 r-xp 00000000 08:01 923656                     /lib/x86_64-linux-gnu/libgcc_s.so.1
7f949d2d4000-7f949d4d3000 ---p 00017000 08:01 923656                     /lib/x86_64-linux-gnu/libgcc_s.so.1
7f949d4d3000-7f949d4d4000 r--p 00016000 08:01 923656                     /lib/x86_64-linux-gnu/libgcc_s.so.1
7f949d4d4000-7f949d4d5000 rw-p 00017000 08:01 923656                     /lib/x86_64-linux-gnu/libgcc_s.so.1
7f949d4d5000-7f949d53a000 r-xp 00000000 08:01 414634                     /root/jdk1.8.0_171/jre/lib/amd64/libfontmanager.so
7f949d53a000-7f949d739000 ---p 00065000 08:01 414634                     /root/jdk1.8.0_171/jre/lib/amd64/libfontmanager.so
7f949d739000-7f949d73e000 rw-p 00064000 08:01 414634                     /root/jdk1.8.0_171/jre/lib/amd64/libfontmanager.so
7f949d73e000-7f949d74e000 rw-p 00000000 00:00 0 
7f949d74e000-7f949d761000 r-xp 00000000 08:01 923615                     /lib/x86_64-linux-gnu/libbsd.so.0.8.7
7f949d761000-7f949d960000 ---p 00013000 08:01 923615                     /lib/x86_64-linux-gnu/libbsd.so.0.8.7
7f949d960000-7f949d961000 r--p 00012000 08:01 923615                     /lib/x86_64-linux-gnu/libbsd.so.0.8.7
7f949d961000-7f949d962000 rw-p 00013000 08:01 923615                     /lib/x86_64-linux-gnu/libbsd.so.0.8.7
7f949d962000-7f949d963000 rw-p 00000000 00:00 0 
7f949d963000-7f949d968000 r-xp 00000000 08:01 142287                     /usr/lib/x86_64-linux-gnu/libXdmcp.so.6.0.0
7f949d968000-7f949db67000 ---p 00005000 08:01 142287                     /usr/lib/x86_64-linux-gnu/libXdmcp.so.6.0.0
7f949db67000-7f949db68000 r--p 00004000 08:01 142287                     /usr/lib/x86_64-linux-gnu/libXdmcp.so.6.0.0
7f949db68000-7f949db69000 rw-p 00005000 08:01 142287                     /usr/lib/x86_64-linux-gnu/libXdmcp.so.6.0.0
7f949db69000-7f949db6b000 r-xp 00000000 08:01 142276                     /usr/lib/x86_64-linux-gnu/libXau.so.6.0.0
7f949db6b000-7f949dd6b000 ---p 00002000 08:01 142276                     /usr/lib/x86_64-linux-gnu/libXau.so.6.0.0
7f949dd6b000-7f949dd6c000 r--p 00002000 08:01 142276                     /usr/lib/x86_64-linux-gnu/libXau.so.6.0.0
7f949dd6c000-7f949dd6d000 rw-p 00003000 08:01 142276                     /usr/lib/x86_64-linux-gnu/libXau.so.6.0.0
7f949dd6d000-7f949dd93000 r-xp 00000000 08:01 143480                     /usr/lib/x86_64-linux-gnu/libxcb.so.1.1.0
7f949dd93000-7f949df93000 ---p 00026000 08:01 143480                     /usr/lib/x86_64-linux-gnu/libxcb.so.1.1.0
7f949df93000-7f949df94000 r--p 00026000 08:01 143480                     /usr/lib/x86_64-linux-gnu/libxcb.so.1.1.0
7f949df94000-7f949df95000 rw-p 00027000 08:01 143480                     /usr/lib/x86_64-linux-gnu/libxcb.so.1.1.0
7f949df95000-7f949dfa4000 r-xp 00000000 08:01 142297                     /usr/lib/x86_64-linux-gnu/libXi.so.6.1.0
7f949dfa4000-7f949e1a3000 ---p 0000f000 08:01 142297                     /usr/lib/x86_64-linux-gnu/libXi.so.6.1.0
7f949e1a3000-7f949e1a4000 r--p 0000e000 08:01 142297                     /usr/lib/x86_64-linux-gnu/libXi.so.6.1.0
7f949e1a4000-7f949e1a5000 rw-p 0000f000 08:01 142297                     /usr/lib/x86_64-linux-gnu/libXi.so.6.1.0
7f949e1a5000-7f949e1aa000 r-xp 00000000 08:01 142315                     /usr/lib/x86_64-linux-gnu/libXtst.so.6.1.0
7f949e1aa000-7f949e3a9000 ---p 00005000 08:01 142315                     /usr/lib/x86_64-linux-gnu/libXtst.so.6.1.0
7f949e3a9000-7f949e3aa000 r--p 00004000 08:01 142315                     /usr/lib/x86_64-linux-gnu/libXtst.so.6.1.0
7f949e3aa000-7f949e3ab000 rw-p 00005000 08:01 142315                     /usr/lib/x86_64-linux-gnu/libXtst.so.6.1.0
7f949e3ab000-7f949e3b4000 r-xp 00000000 08:01 142309                     /usr/lib/x86_64-linux-gnu/libXrender.so.1.3.0
7f949e3b4000-7f949e5b3000 ---p 00009000 08:01 142309                     /usr/lib/x86_64-linux-gnu/libXrender.so.1.3.0
7f949e5b3000-7f949e5b4000 r--p 00008000 08:01 142309                     /usr/lib/x86_64-linux-gnu/libXrender.so.1.3.0
7f949e5b4000-7f949e5b5000 rw-p 00009000 08:01 142309                     /usr/lib/x86_64-linux-gnu/libXrender.so.1.3.0
7f949e5b5000-7f949e6e9000 r-xp 00000000 08:01 142272                     /usr/lib/x86_64-linux-gnu/libX11.so.6.3.0
7f949e6e9000-7f949e8e9000 ---p 00134000 08:01 142272                     /usr/lib/x86_64-linux-gnu/libX11.so.6.3.0
7f949e8e9000-7f949e8ea000 r--p 00134000 08:01 142272                     /usr/lib/x86_64-linux-gnu/libX11.so.6.3.0
7f949e8ea000-7f949e8ee000 rw-p 00135000 08:01 142272                     /usr/lib/x86_64-linux-gnu/libX11.so.6.3.0
7f949e8ee000-7f949e8ff000 r-xp 00000000 08:01 142289                     /usr/lib/x86_64-linux-gnu/libXext.so.6.4.0
7f949e8ff000-7f949eafe000 ---p 00011000 08:01 142289                     /usr/lib/x86_64-linux-gnu/libXext.so.6.4.0
7f949eafe000-7f949eaff000 r--p 00010000 08:01 142289                     /usr/lib/x86_64-linux-gnu/libXext.so.6.4.0
7f949eaff000-7f949eb00000 rw-p 00011000 08:01 142289                     /usr/lib/x86_64-linux-gnu/libXext.so.6.4.0
7f949eb00000-7f949eb54000 r-xp 00000000 08:01 414661                     /root/jdk1.8.0_171/jre/lib/amd64/libawt_xawt.so
7f949eb54000-7f949ed54000 ---p 00054000 08:01 414661                     /root/jdk1.8.0_171/jre/lib/amd64/libawt_xawt.so
7f949ed54000-7f949ed58000 rw-p 00054000 08:01 414661                     /root/jdk1.8.0_171/jre/lib/amd64/libawt_xawt.so
7f949ed58000-7f949ed59000 rw-p 00000000 00:00 0 
7f949ed59000-7f949edfb000 r-xp 00000000 08:01 414647                     /root/jdk1.8.0_171/jre/lib/amd64/libawt.so
7f949edfb000-7f949effb000 ---p 000a2000 08:01 414647                     /root/jdk1.8.0_171/jre/lib/amd64/libawt.so
7f949effb000-7f949f007000 rw-p 000a2000 08:01 414647                     /root/jdk1.8.0_171/jre/lib/amd64/libawt.so
7f949f007000-7f949f02b000 rw-p 00000000 00:00 0 
7f949f02b000-7f949f02c000 ---p 00000000 00:00 0 
7f949f02c000-7f949f12c000 rw-p 00000000 00:00 0 
7f949f12c000-7f949f12f000 ---p 00000000 00:00 0 
7f949f12f000-7f949f22d000 rw-p 00000000 00:00 0 
7f949f22d000-7f949f22e000 ---p 00000000 00:00 0 
7f949f22e000-7f949f231000 ---p 00000000 00:00 0 
7f949f231000-7f949f32e000 rw-p 00000000 00:00 0 
7f949f32e000-7f949f32f000 ---p 00000000 00:00 0 
7f949f32f000-7f949f332000 ---p 00000000 00:00 0 
7f949f332000-7f949f42f000 rw-p 00000000 00:00 0 
7f949f42f000-7f949f432000 ---p 00000000 00:00 0 
7f949f432000-7f949f530000 rw-p 00000000 00:00 0 
7f949f530000-7f949feff000 r--p 00000000 08:01 138164                     /usr/lib/locale/locale-archive
7f949feff000-7f949ff02000 ---p 00000000 00:00 0 
7f949ff02000-7f94a0000000 rw-p 00000000 00:00 0 
7f94a0000000-7f94a02b8000 rw-p 00000000 00:00 0 
7f94a02b8000-7f94a4000000 ---p 00000000 00:00 0 
7f94a4064000-7f94a4067000 ---p 00000000 00:00 0 
7f94a4067000-7f94a4165000 rw-p 00000000 00:00 0 
7f94a4165000-7f94a4166000 ---p 00000000 00:00 0 
7f94a4166000-7f94a4266000 rw-p 00000000 00:00 0 
7f94a4266000-7f94a4440000 r--s 03d68000 08:01 414438                     /root/jdk1.8.0_171/jre/lib/rt.jar
7f94a4440000-7f94a4c40000 rw-p 00000000 00:00 0 
7f94a4c40000-7f94a4c5b000 rw-p 00000000 00:00 0 
7f94a4c5b000-7f94a5000000 ---p 00000000 00:00 0 
7f94a5000000-7f94a56c0000 rwxp 00000000 00:00 0 
7f94a56c0000-7f94b4000000 ---p 00000000 00:00 0 
7f94b4000000-7f94b44fd000 rw-p 00000000 00:00 0 
7f94b44fd000-7f94b8000000 ---p 00000000 00:00 0 
7f94b8049000-7f94b804c000 ---p 00000000 00:00 0 
7f94b804c000-7f94b8082000 rw-p 00000000 00:00 0 
7f94b8082000-7f94b80b4000 r--s 002d9000 00:33 1599                       /mnt/hgfs/wifiApp/out/artifacts/wifiApp_newGUI_jar/wifiApp.jar
7f94b80b4000-7f94b81d4000 rw-p 00000000 00:00 0 
7f94b81d4000-7f94b81ef000 r-xp 00000000 08:01 414650                     /root/jdk1.8.0_171/jre/lib/amd64/libzip.so
7f94b81ef000-7f94b83ef000 ---p 0001b000 08:01 414650                     /root/jdk1.8.0_171/jre/lib/amd64/libzip.so
7f94b83ef000-7f94b83f0000 rw-p 0001b000 08:01 414650                     /root/jdk1.8.0_171/jre/lib/amd64/libzip.so
7f94b83f0000-7f94b83fb000 r-xp 00000000 08:01 923709                     /lib/x86_64-linux-gnu/libnss_files-2.27.so
7f94b83fb000-7f94b85fa000 ---p 0000b000 08:01 923709                     /lib/x86_64-linux-gnu/libnss_files-2.27.so
7f94b85fa000-7f94b85fb000 r--p 0000a000 08:01 923709                     /lib/x86_64-linux-gnu/libnss_files-2.27.so
7f94b85fb000-7f94b85fc000 rw-p 0000b000 08:01 923709                     /lib/x86_64-linux-gnu/libnss_files-2.27.so
7f94b85fc000-7f94b8602000 rw-p 00000000 00:00 0 
7f94b8602000-7f94b8619000 r-xp 00000000 08:01 923703                     /lib/x86_64-linux-gnu/libnsl-2.27.so
7f94b8619000-7f94b8818000 ---p 00017000 08:01 923703                     /lib/x86_64-linux-gnu/libnsl-2.27.so
7f94b8818000-7f94b8819000 r--p 00016000 08:01 923703                     /lib/x86_64-linux-gnu/libnsl-2.27.so
7f94b8819000-7f94b881a000 rw-p 00017000 08:01 923703                     /lib/x86_64-linux-gnu/libnsl-2.27.so
7f94b881a000-7f94b881c000 rw-p 00000000 00:00 0 
7f94b881c000-7f94b8827000 r-xp 00000000 08:01 923720                     /lib/x86_64-linux-gnu/libnss_nis-2.27.so
7f94b8827000-7f94b8a26000 ---p 0000b000 08:01 923720                     /lib/x86_64-linux-gnu/libnss_nis-2.27.so
7f94b8a26000-7f94b8a27000 r--p 0000a000 08:01 923720                     /lib/x86_64-linux-gnu/libnss_nis-2.27.so
7f94b8a27000-7f94b8a28000 rw-p 0000b000 08:01 923720                     /lib/x86_64-linux-gnu/libnss_nis-2.27.so
7f94b8a28000-7f94b8a30000 r-xp 00000000 08:01 923705                     /lib/x86_64-linux-gnu/libnss_compat-2.27.so
7f94b8a30000-7f94b8c30000 ---p 00008000 08:01 923705                     /lib/x86_64-linux-gnu/libnss_compat-2.27.so
7f94b8c30000-7f94b8c31000 r--p 00008000 08:01 923705                     /lib/x86_64-linux-gnu/libnss_compat-2.27.so
7f94b8c31000-7f94b8c32000 rw-p 00009000 08:01 923705                     /lib/x86_64-linux-gnu/libnss_compat-2.27.so
7f94b8c32000-7f94b8c5d000 r-xp 00000000 08:01 414644                     /root/jdk1.8.0_171/jre/lib/amd64/libjava.so
7f94b8c5d000-7f94b8e5c000 ---p 0002b000 08:01 414644                     /root/jdk1.8.0_171/jre/lib/amd64/libjava.so
7f94b8e5c000-7f94b8e5e000 rw-p 0002a000 08:01 414644                     /root/jdk1.8.0_171/jre/lib/amd64/libjava.so
7f94b8e5e000-7f94b8e6b000 r-xp 00000000 08:01 414649                     /root/jdk1.8.0_171/jre/lib/amd64/libverify.so
7f94b8e6b000-7f94b906b000 ---p 0000d000 08:01 414649                     /root/jdk1.8.0_171/jre/lib/amd64/libverify.so
7f94b906b000-7f94b906d000 rw-p 0000d000 08:01 414649                     /root/jdk1.8.0_171/jre/lib/amd64/libverify.so
7f94b906d000-7f94b9074000 r-xp 00000000 08:01 923760                     /lib/x86_64-linux-gnu/librt-2.27.so
7f94b9074000-7f94b9273000 ---p 00007000 08:01 923760                     /lib/x86_64-linux-gnu/librt-2.27.so
7f94b9273000-7f94b9274000 r--p 00006000 08:01 923760                     /lib/x86_64-linux-gnu/librt-2.27.so
7f94b9274000-7f94b9275000 rw-p 00007000 08:01 923760                     /lib/x86_64-linux-gnu/librt-2.27.so
7f94b9275000-7f94b9412000 r-xp 00000000 08:01 923682                     /lib/x86_64-linux-gnu/libm-2.27.so
7f94b9412000-7f94b9611000 ---p 0019d000 08:01 923682                     /lib/x86_64-linux-gnu/libm-2.27.so
7f94b9611000-7f94b9612000 r--p 0019c000 08:01 923682                     /lib/x86_64-linux-gnu/libm-2.27.so
7f94b9612000-7f94b9613000 rw-p 0019d000 08:01 923682                     /lib/x86_64-linux-gnu/libm-2.27.so
7f94b9613000-7f94ba2ec000 r-xp 00000000 08:01 414626                     /root/jdk1.8.0_171/jre/lib/amd64/server/libjvm.so
7f94ba2ec000-7f94ba4eb000 ---p 00cd9000 08:01 414626                     /root/jdk1.8.0_171/jre/lib/amd64/server/libjvm.so
7f94ba4eb000-7f94ba5c5000 rw-p 00cd8000 08:01 414626                     /root/jdk1.8.0_171/jre/lib/amd64/server/libjvm.so
7f94ba5c5000-7f94ba610000 rw-p 00000000 00:00 0 
7f94ba610000-7f94ba7f7000 r-xp 00000000 08:01 923619                     /lib/x86_64-linux-gnu/libc-2.27.so
7f94ba7f7000-7f94ba9f7000 ---p 001e7000 08:01 923619                     /lib/x86_64-linux-gnu/libc-2.27.so
7f94ba9f7000-7f94ba9fb000 r--p 001e7000 08:01 923619                     /lib/x86_64-linux-gnu/libc-2.27.so
7f94ba9fb000-7f94ba9fd000 rw-p 001eb000 08:01 923619                     /lib/x86_64-linux-gnu/libc-2.27.so
7f94ba9fd000-7f94baa01000 rw-p 00000000 00:00 0 
7f94baa01000-7f94baa04000 r-xp 00000000 08:01 923642                     /lib/x86_64-linux-gnu/libdl-2.27.so
7f94baa04000-7f94bac03000 ---p 00003000 08:01 923642                     /lib/x86_64-linux-gnu/libdl-2.27.so
7f94bac03000-7f94bac04000 r--p 00002000 08:01 923642                     /lib/x86_64-linux-gnu/libdl-2.27.so
7f94bac04000-7f94bac05000 rw-p 00003000 08:01 923642                     /lib/x86_64-linux-gnu/libdl-2.27.so
7f94bac05000-7f94bac1b000 r-xp 00000000 08:01 414263                     /root/jdk1.8.0_171/lib/amd64/jli/libjli.so
7f94bac1b000-7f94bae1a000 ---p 00016000 08:01 414263                     /root/jdk1.8.0_171/lib/amd64/jli/libjli.so
7f94bae1a000-7f94bae1b000 rw-p 00015000 08:01 414263                     /root/jdk1.8.0_171/lib/amd64/jli/libjli.so
7f94bae1b000-7f94bae35000 r-xp 00000000 08:01 923752                     /lib/x86_64-linux-gnu/libpthread-2.27.so
7f94bae35000-7f94bb034000 ---p 0001a000 08:01 923752                     /lib/x86_64-linux-gnu/libpthread-2.27.so
7f94bb034000-7f94bb035000 r--p 00019000 08:01 923752                     /lib/x86_64-linux-gnu/libpthread-2.27.so
7f94bb035000-7f94bb036000 rw-p 0001a000 08:01 923752                     /lib/x86_64-linux-gnu/libpthread-2.27.so
7f94bb036000-7f94bb03a000 rw-p 00000000 00:00 0 
7f94bb03a000-7f94bb061000 r-xp 00000000 08:01 923591                     /lib/x86_64-linux-gnu/ld-2.27.so
7f94bb07e000-7f94bb084000 rw-p 00000000 00:00 0 
7f94bb084000-7f94bb0cf000 ---p 00000000 00:00 0 
7f94bb0cf000-7f94bb0d2000 rw-p 00000000 00:00 0 
7f94bb0d2000-7f94bb0f7000 ---p 00000000 00:00 0 
7f94bb0f7000-7f94bb0fd000 rw-p 00000000 00:00 0 
7f94bb0fd000-7f94bb148000 ---p 00000000 00:00 0 
7f94bb148000-7f94bb149000 rw-p 00000000 00:00 0 
7f94bb149000-7f94bb14a000 ---p 00000000 00:00 0 
7f94bb14a000-7f94bb14d000 ---p 00000000 00:00 0 
7f94bb14d000-7f94bb24e000 rw-p 00000000 00:00 0 
7f94bb252000-7f94bb257000 r--s 0009d000 08:01 414495                     /root/jdk1.8.0_171/jre/lib/jsse.jar
7f94bb257000-7f94bb25f000 rw-s 00000000 08:01 917591                     /tmp/hsperfdata_root/92852
7f94bb25f000-7f94bb260000 rw-p 00000000 00:00 0 
7f94bb260000-7f94bb261000 r--p 00000000 00:00 0 
7f94bb261000-7f94bb262000 r--p 00027000 08:01 923591                     /lib/x86_64-linux-gnu/ld-2.27.so
7f94bb262000-7f94bb263000 rw-p 00028000 08:01 923591                     /lib/x86_64-linux-gnu/ld-2.27.so
7f94bb263000-7f94bb264000 rw-p 00000000 00:00 0 
7ffc1ad2a000-7ffc1ad4b000 rw-p 00000000 00:00 0                          [stack]
7ffc1adaa000-7ffc1adad000 r--p 00000000 00:00 0                          [vvar]
7ffc1adad000-7ffc1adaf000 r-xp 00000000 00:00 0                          [vdso]
ffffffffff600000-ffffffffff601000 r-xp 00000000 00:00 0                  [vsyscall]

VM Arguments:
java_command: out/artifacts/wifiApp_newGUI_jar/wifiApp.jar
java_class_path (initial): out/artifacts/wifiApp_newGUI_jar/wifiApp.jar
Launcher Type: SUN_STANDARD

Environment Variables:
JAVA_HOME=/root/jdk1.8.0_171
PATH=/mnt/hgfs/wifiApp/wpa_setup:/root/jdk1.8.0_171/bin:/usr/local/sbin:/usr/local/bin:/usr/sbin:/usr/bin:/sbin:/bin:/usr/games:/usr/local/games
USERNAME=yaoz
SHELL=/bin/bash
DISPLAY=:0

Signal Handlers:
SIGSEGV: [libjvm.so+0xad0890], sa_mask[0]=11111111011111111101111111111110, sa_flags=SA_RESTART|SA_SIGINFO
SIGBUS: [libjvm.so+0xad0890], sa_mask[0]=11111111011111111101111111111110, sa_flags=SA_RESTART|SA_SIGINFO
SIGFPE: [libjvm.so+0x928640], sa_mask[0]=11111111011111111101111111111110, sa_flags=SA_RESTART|SA_SIGINFO
SIGPIPE: [libjvm.so+0x928640], sa_mask[0]=11111111011111111101111111111110, sa_flags=SA_RESTART|SA_SIGINFO
SIGXFSZ: [libjvm.so+0x928640], sa_mask[0]=11111111011111111101111111111110, sa_flags=SA_RESTART|SA_SIGINFO
SIGILL: [libjvm.so+0x928640], sa_mask[0]=11111111011111111101111111111110, sa_flags=SA_RESTART|SA_SIGINFO
SIGUSR1: SIG_DFL, sa_mask[0]=00000000000000000000000000000000, sa_flags=none
SIGUSR2: [libjvm.so+0x929ea0], sa_mask[0]=00000000000000000000000000000000, sa_flags=SA_RESTART|SA_SIGINFO
SIGHUP: [libjvm.so+0x92b2a0], sa_mask[0]=11111111011111111101111111111110, sa_flags=SA_RESTART|SA_SIGINFO
SIGINT: [libjvm.so+0x92b2a0], sa_mask[0]=11111111011111111101111111111110, sa_flags=SA_RESTART|SA_SIGINFO
SIGTERM: [libjvm.so+0x92b2a0], sa_mask[0]=11111111011111111101111111111110, sa_flags=SA_RESTART|SA_SIGINFO
SIGQUIT: [libjvm.so+0x92b2a0], sa_mask[0]=11111111011111111101111111111110, sa_flags=SA_RESTART|SA_SIGINFO


---------------  S Y S T E M  ---------------

OS:DISTRIB_ID=Ubuntu
DISTRIB_RELEASE=18.04
DISTRIB_CODENAME=bionic
DISTRIB_DESCRIPTION="Ubuntu 18.04 LTS"

uname:Linux 4.15.0-20-generic #21-Ubuntu SMP Tue Apr 24 06:16:15 UTC 2018 x86_64
libc:glibc 2.27 NPTL 2.27 
rlimit: STACK 8192k, CORE 0k, NPROC 3618, NOFILE 1048576, AS infinity
load average:14.61 4.41 1.61

/proc/meminfo:
MemTotal:         985100 kB
MemFree:           48748 kB
MemAvailable:          0 kB
Buffers:              84 kB
Cached:            23796 kB
SwapCached:           28 kB
Active:           179012 kB
Inactive:         179884 kB
Active(anon):     177536 kB
Inactive(anon):   177660 kB
Active(file):       1476 kB
Inactive(file):     2224 kB
Unevictable:          32 kB
Mlocked:              32 kB
SwapTotal:        969960 kB
SwapFree:              0 kB
Dirty:                 4 kB
Writeback:             8 kB
AnonPages:        335240 kB
Mapped:             3084 kB
Shmem:             20116 kB
Slab:              98480 kB
SReclaimable:      30196 kB
SUnreclaim:        68284 kB
KernelStack:       13184 kB
PageTables:        48592 kB
NFS_Unstable:          0 kB
Bounce:                0 kB
WritebackTmp:          0 kB
CommitLimit:     1462508 kB
Committed_AS:    6102960 kB
VmallocTotal:   34359738367 kB
VmallocUsed:           0 kB
VmallocChunk:          0 kB
HardwareCorrupted:     0 kB
AnonHugePages:         0 kB
ShmemHugePages:        0 kB
ShmemPmdMapped:        0 kB
CmaTotal:              0 kB
CmaFree:               0 kB
HugePages_Total:       0
HugePages_Free:        0
HugePages_Rsvd:        0
HugePages_Surp:        0
Hugepagesize:       2048 kB
DirectMap4k:      290688 kB
DirectMap2M:      757760 kB
DirectMap1G:           0 kB


CPU:total 1 (initial active 1) (1 cores per cpu, 1 threads per core) family 6 model 70 stepping 1, cmov, cx8, fxsr, mmx, sse, sse2, sse3, ssse3, sse4.1, sse4.2, popcnt, avx, avx2, aes, clmul, erms, lzcnt, tsc, tscinvbit, bmi1, bmi2

/proc/cpuinfo:
processor	: 0
vendor_id	: GenuineIntel
cpu family	: 6
model		: 70
model name	: Intel(R) Core(TM) i7-4770HQ CPU @ 2.20GHz
stepping	: 1
microcode	: 0x13
cpu MHz		: 2195.415
cache size	: 6144 KB
physical id	: 0
siblings	: 1
core id		: 0
cpu cores	: 1
apicid		: 0
initial apicid	: 0
fpu		: yes
fpu_exception	: yes
cpuid level	: 13
wp		: yes
flags		: fpu vme de pse tsc msr pae mce cx8 apic sep mtrr pge mca cmov pat pse36 clflush dts mmx fxsr sse sse2 ss syscall nx pdpe1gb rdtscp lm constant_tsc arch_perfmon pebs bts nopl xtopology tsc_reliable nonstop_tsc cpuid aperfmperf pni pclmulqdq ssse3 fma cx16 pcid sse4_1 sse4_2 x2apic movbe popcnt tsc_deadline_timer aes xsave avx f16c rdrand hypervisor lahf_lm abm cpuid_fault epb invpcid_single pti fsgsbase tsc_adjust bmi1 avx2 smep bmi2 invpcid xsaveopt dtherm ida arat pln pts
bugs		: cpu_meltdown spectre_v1 spectre_v2
bogomips	: 4390.83
clflush size	: 64
cache_alignment	: 64
address sizes	: 42 bits physical, 48 bits virtual
power management:



Memory: 4k page, physical 985100k(48572k free), swap 969960k(0k free)

vm_info: Java HotSpot(TM) 64-Bit Server VM (25.171-b11) for linux-amd64 JRE (1.8.0_171-b11), built on Mar 28 2018 17:07:08 by "java_re" with gcc 4.3.0 20080428 (Red Hat 4.3.0-8)

time: Wed Jun  6 00:29:29 2018
elapsed time: 387 seconds (0d 0h 6m 27s)

